# Elapsed time   CPU (%)     Real (MB)   Virtual (MB)
       0.000        0.000     2360.730    18175.801
       1.002       31.000     2360.730    18175.801
       2.003       31.000     2360.730    18175.801
       3.004       34.000     2360.730    18175.801
       4.005       31.000     2360.730    18175.801
       5.006       28.000     2360.730    18175.801
       6.007       29.000     2360.730    18175.801
       7.008       31.000     2360.730    18175.801
       8.009       32.000     2360.730    18175.801
       9.010       31.000     2360.730    18175.801
      10.012       31.000     2360.730    18175.801
      11.013       29.900     2360.730    18175.801
      12.015       30.000     2360.730    18175.801
      13.016       28.000     2360.730    18175.801
      14.017       28.000     2360.730    18175.801
      15.019       31.000     2360.730    18175.801
      16.020       28.000     2360.730    18175.801
      17.021       32.000     2360.730    18175.801
      18.022       31.000     2360.730    18175.801
      19.023       38.000     2360.730    18175.801
      20.024       37.000     2360.730    18175.801
      21.026       34.900     2360.730    18175.801
      22.027       47.000     2360.762    18175.801
      23.028       40.900     2360.762    18175.801
      24.029       38.900     2360.762    18175.801
      25.030       44.000     2360.762    18175.801
      26.032       40.900     2360.762    18175.801
      27.032       42.000     2360.762    18175.801
      28.034       42.900     2360.762    18175.801
      29.035       38.900     2360.762    18175.801
      30.036       38.000     2360.762    18175.801
      31.037       43.900     2360.762    18175.801
      32.039       38.900     2360.762    18175.801
      33.040       38.000     2360.762    18175.801
      34.041       39.900     2360.762    18175.801
      35.042       31.000     2360.762    18175.801
      36.044        7.000     2360.762    18175.801
