# Elapsed time   CPU (%)     Real (MB)   Virtual (MB)
       0.000        0.000      297.523      787.344
       1.000       13.000      297.523      787.344
       2.002       11.000      297.523      787.344
       3.003       14.000      297.523      787.344
       4.004       29.000      296.766      786.469
       5.006       28.000      297.488      787.312
       6.007       27.000      297.488      787.312
       7.008       32.000      296.820      786.469
       8.010       36.000      296.727      786.469
       9.011       33.900      297.551      787.344
      10.012       28.000      297.551      787.344
      11.014       30.000      296.711      786.469
      12.015       26.000      297.512      787.324
      13.016       24.000      297.512      787.324
      14.018       23.000      297.512      787.324
      15.019       30.000      296.641      786.469
      16.020       31.000      296.703      786.469
      17.022       31.000      296.750      786.469
      18.023       30.000      296.766      786.469
      19.024       21.000      297.531      787.324
      20.026       26.000      297.531      787.324
      21.027       19.000      297.531      787.324
      22.028       22.000      297.531      787.324
      23.030       34.000      296.602      786.680
      24.031       32.000      296.609      786.469
      25.032       28.000      297.367      787.336
      26.034       25.000      297.367      787.336
      27.035       28.000      297.367      787.336
      28.036       28.000      297.367      787.336
      29.038       27.000      297.367      787.336
      30.039       32.000      297.465      787.379
      31.040       23.000      297.465      787.379
      32.042       25.000      297.465      787.379
      33.043       34.900      296.879      786.539
      34.044       32.000      296.820      786.539
      35.045       31.000      297.352      787.387
